<?xml version="1.0" encoding="UTF-8"?>
<testsuites>
  <testsuite name="" tests="5" assertions="4" errors="2" warnings="0" failures="0" skipped="0" time="0.118260">
    <testsuite name="App" tests="5" assertions="4" errors="2" warnings="0" failures="0" skipped="0" time="0.118260">
      <testsuite name="ExampleDatabaseTest" file="C:\CandourAutoTech\cat_rams_v2_api\tests\database\ExampleDatabaseTest.php" tests="2" assertions="0" errors="2" warnings="0" failures="0" skipped="0" time="0.093859">
        <testcase name="testModelFindAll" class="ExampleDatabaseTest" classname="ExampleDatabaseTest" file="C:\CandourAutoTech\cat_rams_v2_api\tests\database\ExampleDatabaseTest.php" line="17" assertions="0" time="0.091875">
          <error type="CodeIgniter\Database\Exceptions\DatabaseException">ExampleDatabaseTest::testModelFindAll
CodeIgniter\Database\Exceptions\DatabaseException: Unable to connect to the database.&#13;
Main connection [SQLite3]: Class "SQLite3" not found

C:\CandourAutoTech\cat_rams_v2_api\system\Database\BaseConnection.php:427
C:\CandourAutoTech\cat_rams_v2_api\system\Database\SQLite3\Connection.php:59
C:\CandourAutoTech\cat_rams_v2_api\system\Test\DatabaseTestTrait.php:74
C:\CandourAutoTech\cat_rams_v2_api\system\Test\DatabaseTestTrait.php:54
C:\CandourAutoTech\cat_rams_v2_api\system\Test\CIUnitTestCase.php:250</error>
        </testcase>
        <testcase name="testSoftDeleteLeavesRow" class="ExampleDatabaseTest" classname="ExampleDatabaseTest" file="C:\CandourAutoTech\cat_rams_v2_api\tests\database\ExampleDatabaseTest.php" line="28" assertions="0" time="0.001984">
          <error type="CodeIgniter\Database\Exceptions\DatabaseException">ExampleDatabaseTest::testSoftDeleteLeavesRow
CodeIgniter\Database\Exceptions\DatabaseException: Unable to connect to the database.&#13;
Main connection [SQLite3]: Class "SQLite3" not found

C:\CandourAutoTech\cat_rams_v2_api\system\Database\BaseConnection.php:427
C:\CandourAutoTech\cat_rams_v2_api\system\Database\SQLite3\Connection.php:59
C:\CandourAutoTech\cat_rams_v2_api\system\Test\DatabaseTestTrait.php:74
C:\CandourAutoTech\cat_rams_v2_api\system\Test\DatabaseTestTrait.php:54
C:\CandourAutoTech\cat_rams_v2_api\system\Test\CIUnitTestCase.php:250</error>
        </testcase>
      </testsuite>
      <testsuite name="ExampleSessionTest" file="C:\CandourAutoTech\cat_rams_v2_api\tests\session\ExampleSessionTest.php" tests="1" assertions="1" errors="0" warnings="0" failures="0" skipped="0" time="0.002016">
        <testcase name="testSessionSimple" class="ExampleSessionTest" classname="ExampleSessionTest" file="C:\CandourAutoTech\cat_rams_v2_api\tests\session\ExampleSessionTest.php" line="11" assertions="1" time="0.002016"/>
      </testsuite>
      <testsuite name="HealthTest" file="C:\CandourAutoTech\cat_rams_v2_api\tests\unit\HealthTest.php" tests="2" assertions="3" errors="0" warnings="0" failures="0" skipped="0" time="0.022385">
        <testcase name="testIsDefinedAppPath" class="HealthTest" classname="HealthTest" file="C:\CandourAutoTech\cat_rams_v2_api\tests\unit\HealthTest.php" line="13" assertions="1" time="0.001533"/>
        <testcase name="testBaseUrlHasBeenSet" class="HealthTest" classname="HealthTest" file="C:\CandourAutoTech\cat_rams_v2_api\tests\unit\HealthTest.php" line="18" assertions="2" time="0.020851"/>
      </testsuite>
    </testsuite>
  </testsuite>
</testsuites>
